/u/s/i/sinclair/courses/cs552/spring2022/handouts/testprograms/public/rand_final/ldld_rand_large.asm SUCCESS CPI:2.5 CYCLES:2635 ICOUNT:1035 IHITRATE: 0 DHITRATE: 0
/u/s/i/sinclair/courses/cs552/spring2022/handouts/testprograms/public/rand_final/ldld_rand_small.asm SUCCESS CPI:2.5 CYCLES:2635 ICOUNT:1035 IHITRATE: 0 DHITRATE: 0
/u/s/i/sinclair/courses/cs552/spring2022/handouts/testprograms/public/rand_final/ldst_rand_large.asm SUCCESS CPI:3.5 CYCLES:3374 ICOUNT:973 IHITRATE: 0 DHITRATE: 0
/u/s/i/sinclair/courses/cs552/spring2022/handouts/testprograms/public/rand_final/ldst_rand_small.asm SUCCESS CPI:3.2 CYCLES:3077 ICOUNT:973 IHITRATE: 0 DHITRATE: 0
/u/s/i/sinclair/courses/cs552/spring2022/handouts/testprograms/public/rand_final/t_100_all.asm SUCCESS CPI:7.5 CYCLES:2350 ICOUNT:314 IHITRATE: 0 DHITRATE: 0
/u/s/i/sinclair/courses/cs552/spring2022/handouts/testprograms/public/rand_final/t_100_ctrl.asm SUCCESS CPI:6.8 CYCLES:4170 ICOUNT:611 IHITRATE: 0 DHITRATE: 0
/u/s/i/sinclair/courses/cs552/spring2022/handouts/testprograms/public/rand_final/t_100_icache.asm SUCCESS CPI:79.6 CYCLES:1592 ICOUNT:20 IHITRATE: 0 DHITRATE: 0
/u/s/i/sinclair/courses/cs552/spring2022/handouts/testprograms/public/rand_final/t_100_idcache.asm SUCCESS CPI:9.9 CYCLES:3969 ICOUNT:401 IHITRATE: 0 DHITRATE: 0
/u/s/i/sinclair/courses/cs552/spring2022/handouts/testprograms/public/rand_final/t_100_mem.asm SUCCESS CPI:5.9 CYCLES:8338 ICOUNT:1414 IHITRATE: 0 DHITRATE: 0
/u/s/i/sinclair/courses/cs552/spring2022/handouts/testprograms/public/rand_final/t_101_all.asm SUCCESS CPI:6.9 CYCLES:2894 ICOUNT:422 IHITRATE: 0 DHITRATE: 0
/u/s/i/sinclair/courses/cs552/spring2022/handouts/testprograms/public/rand_final/t_101_ctrl.asm SUCCESS CPI:6.4 CYCLES:5127 ICOUNT:799 IHITRATE: 0 DHITRATE: 0
/u/s/i/sinclair/courses/cs552/spring2022/handouts/testprograms/public/rand_final/t_101_icache.asm SUCCESS CPI:43.9 CYCLES:1843 ICOUNT:42 IHITRATE: 0 DHITRATE: 0
/u/s/i/sinclair/courses/cs552/spring2022/handouts/testprograms/public/rand_final/t_101_idcache.asm SUCCESS CPI:9.7 CYCLES:4018 ICOUNT:413 IHITRATE: 0 DHITRATE: 0
/u/s/i/sinclair/courses/cs552/spring2022/handouts/testprograms/public/rand_final/t_101_mem.asm SUCCESS CPI:5.9 CYCLES:8316 ICOUNT:1403 IHITRATE: 0 DHITRATE: 0
/u/s/i/sinclair/courses/cs552/spring2022/handouts/testprograms/public/rand_final/t_102_all.asm SUCCESS CPI:7.0 CYCLES:2451 ICOUNT:349 IHITRATE: 0 DHITRATE: 0
/u/s/i/sinclair/courses/cs552/spring2022/handouts/testprograms/public/rand_final/t_102_ctrl.asm SUCCESS CPI:6.7 CYCLES:5391 ICOUNT:804 IHITRATE: 0 DHITRATE: 0
/u/s/i/sinclair/courses/cs552/spring2022/handouts/testprograms/public/rand_final/t_102_icache.asm SUCCESS CPI:34.0 CYCLES:2040 ICOUNT:60 IHITRATE: 0 DHITRATE: 0
/u/s/i/sinclair/courses/cs552/spring2022/handouts/testprograms/public/rand_final/t_102_idcache.asm SUCCESS CPI:11.2 CYCLES:3746 ICOUNT:335 IHITRATE: 0 DHITRATE: 0
/u/s/i/sinclair/courses/cs552/spring2022/handouts/testprograms/public/rand_final/t_102_mem.asm SUCCESS CPI:5.8 CYCLES:8737 ICOUNT:1503 IHITRATE: 0 DHITRATE: 0
/u/s/i/sinclair/courses/cs552/spring2022/handouts/testprograms/public/rand_final/t_103_all.asm SUCCESS CPI:6.9 CYCLES:2982 ICOUNT:434 IHITRATE: 0 DHITRATE: 0
/u/s/i/sinclair/courses/cs552/spring2022/handouts/testprograms/public/rand_final/t_103_ctrl.asm SUCCESS CPI:6.5 CYCLES:5018 ICOUNT:776 IHITRATE: 0 DHITRATE: 0
/u/s/i/sinclair/courses/cs552/spring2022/handouts/testprograms/public/rand_final/t_103_icache.asm SUCCESS CPI:17.4 CYCLES:2156 ICOUNT:124 IHITRATE: 0 DHITRATE: 0
/u/s/i/sinclair/courses/cs552/spring2022/handouts/testprograms/public/rand_final/t_103_idcache.asm SUCCESS CPI:10.3 CYCLES:3834 ICOUNT:374 IHITRATE: 0 DHITRATE: 0
/u/s/i/sinclair/courses/cs552/spring2022/handouts/testprograms/public/rand_final/t_103_mem.asm SUCCESS CPI:5.7 CYCLES:8231 ICOUNT:1449 IHITRATE: 0 DHITRATE: 0
/u/s/i/sinclair/courses/cs552/spring2022/handouts/testprograms/public/rand_final/t_104_all.asm SUCCESS CPI:6.3 CYCLES:2763 ICOUNT:440 IHITRATE: 0 DHITRATE: 0
/u/s/i/sinclair/courses/cs552/spring2022/handouts/testprograms/public/rand_final/t_104_ctrl.asm SUCCESS CPI:6.4 CYCLES:4669 ICOUNT:725 IHITRATE: 0 DHITRATE: 0
/u/s/i/sinclair/courses/cs552/spring2022/handouts/testprograms/public/rand_final/t_104_icache.asm SUCCESS CPI:34.8 CYCLES:1638 ICOUNT:47 IHITRATE: 0 DHITRATE: 0
/u/s/i/sinclair/courses/cs552/spring2022/handouts/testprograms/public/rand_final/t_104_idcache.asm SUCCESS CPI:11.8 CYCLES:3680 ICOUNT:311 IHITRATE: 0 DHITRATE: 0
/u/s/i/sinclair/courses/cs552/spring2022/handouts/testprograms/public/rand_final/t_104_mem.asm SUCCESS CPI:5.8 CYCLES:8745 ICOUNT:1519 IHITRATE: 0 DHITRATE: 0
/u/s/i/sinclair/courses/cs552/spring2022/handouts/testprograms/public/rand_final/t_105_all.asm SUCCESS CPI:6.8 CYCLES:2958 ICOUNT:438 IHITRATE: 0 DHITRATE: 0
/u/s/i/sinclair/courses/cs552/spring2022/handouts/testprograms/public/rand_final/t_105_ctrl.asm SUCCESS CPI:6.3 CYCLES:4833 ICOUNT:763 IHITRATE: 0 DHITRATE: 0
/u/s/i/sinclair/courses/cs552/spring2022/handouts/testprograms/public/rand_final/t_105_icache.asm SUCCESS CPI:23.3 CYCLES:1750 ICOUNT:75 IHITRATE: 0 DHITRATE: 0
/u/s/i/sinclair/courses/cs552/spring2022/handouts/testprograms/public/rand_final/t_105_idcache.asm SUCCESS CPI:11.0 CYCLES:3674 ICOUNT:335 IHITRATE: 0 DHITRATE: 0
/u/s/i/sinclair/courses/cs552/spring2022/handouts/testprograms/public/rand_final/t_105_mem.asm SUCCESS CPI:5.7 CYCLES:8137 ICOUNT:1418 IHITRATE: 0 DHITRATE: 0
/u/s/i/sinclair/courses/cs552/spring2022/handouts/testprograms/public/rand_final/t_106_all.asm SUCCESS CPI:7.0 CYCLES:3127 ICOUNT:444 IHITRATE: 0 DHITRATE: 0
/u/s/i/sinclair/courses/cs552/spring2022/handouts/testprograms/public/rand_final/t_106_ctrl.asm SUCCESS CPI:6.5 CYCLES:5021 ICOUNT:770 IHITRATE: 0 DHITRATE: 0
/u/s/i/sinclair/courses/cs552/spring2022/handouts/testprograms/public/rand_final/t_106_icache.asm SUCCESS CPI:50.2 CYCLES:1907 ICOUNT:38 IHITRATE: 0 DHITRATE: 0
/u/s/i/sinclair/courses/cs552/spring2022/handouts/testprograms/public/rand_final/t_106_idcache.asm SUCCESS CPI:11.7 CYCLES:3827 ICOUNT:326 IHITRATE: 0 DHITRATE: 0
/u/s/i/sinclair/courses/cs552/spring2022/handouts/testprograms/public/rand_final/t_106_mem.asm SUCCESS CPI:5.9 CYCLES:8340 ICOUNT:1409 IHITRATE: 0 DHITRATE: 0
/u/s/i/sinclair/courses/cs552/spring2022/handouts/testprograms/public/rand_final/t_107_all.asm SUCCESS CPI:6.7 CYCLES:2766 ICOUNT:410 IHITRATE: 0 DHITRATE: 0
/u/s/i/sinclair/courses/cs552/spring2022/handouts/testprograms/public/rand_final/t_107_ctrl.asm SUCCESS CPI:6.7 CYCLES:5031 ICOUNT:754 IHITRATE: 0 DHITRATE: 0
/u/s/i/sinclair/courses/cs552/spring2022/handouts/testprograms/public/rand_final/t_107_icache.asm SUCCESS CPI:33.7 CYCLES:1755 ICOUNT:52 IHITRATE: 0 DHITRATE: 0
/u/s/i/sinclair/courses/cs552/spring2022/handouts/testprograms/public/rand_final/t_107_idcache.asm SUCCESS CPI:11.7 CYCLES:3819 ICOUNT:326 IHITRATE: 0 DHITRATE: 0
/u/s/i/sinclair/courses/cs552/spring2022/handouts/testprograms/public/rand_final/t_107_mem.asm SUCCESS CPI:5.8 CYCLES:8164 ICOUNT:1397 IHITRATE: 0 DHITRATE: 0
/u/s/i/sinclair/courses/cs552/spring2022/handouts/testprograms/public/rand_final/t_108_all.asm SUCCESS CPI:6.3 CYCLES:2794 ICOUNT:444 IHITRATE: 0 DHITRATE: 0
/u/s/i/sinclair/courses/cs552/spring2022/handouts/testprograms/public/rand_final/t_108_ctrl.asm SUCCESS CPI:6.4 CYCLES:5040 ICOUNT:787 IHITRATE: 0 DHITRATE: 0
/u/s/i/sinclair/courses/cs552/spring2022/handouts/testprograms/public/rand_final/t_108_icache.asm SUCCESS CPI:52.9 CYCLES:1483 ICOUNT:28 IHITRATE: 0 DHITRATE: 0
/u/s/i/sinclair/courses/cs552/spring2022/handouts/testprograms/public/rand_final/t_108_idcache.asm SUCCESS CPI:11.7 CYCLES:3987 ICOUNT:341 IHITRATE: 0 DHITRATE: 0
/u/s/i/sinclair/courses/cs552/spring2022/handouts/testprograms/public/rand_final/t_108_mem.asm SUCCESS CPI:5.9 CYCLES:8930 ICOUNT:1521 IHITRATE: 0 DHITRATE: 0
/u/s/i/sinclair/courses/cs552/spring2022/handouts/testprograms/public/rand_final/t_109_all.asm SUCCESS CPI:7.0 CYCLES:2218 ICOUNT:318 IHITRATE: 0 DHITRATE: 0
/u/s/i/sinclair/courses/cs552/spring2022/handouts/testprograms/public/rand_final/t_109_ctrl.asm SUCCESS CPI:6.3 CYCLES:5051 ICOUNT:797 IHITRATE: 0 DHITRATE: 0
/u/s/i/sinclair/courses/cs552/spring2022/handouts/testprograms/public/rand_final/t_109_icache.asm SUCCESS CPI:37.3 CYCLES:1830 ICOUNT:49 IHITRATE: 0 DHITRATE: 0
/u/s/i/sinclair/courses/cs552/spring2022/handouts/testprograms/public/rand_final/t_109_idcache.asm SUCCESS CPI:11.1 CYCLES:3866 ICOUNT:347 IHITRATE: 0 DHITRATE: 0
/u/s/i/sinclair/courses/cs552/spring2022/handouts/testprograms/public/rand_final/t_109_mem.asm SUCCESS CPI:5.8 CYCLES:7971 ICOUNT:1370 IHITRATE: 0 DHITRATE: 0
/u/s/i/sinclair/courses/cs552/spring2022/handouts/testprograms/public/rand_final/t_10_mem.asm SUCCESS CPI:5.7 CYCLES:8815 ICOUNT:1539 IHITRATE: 0 DHITRATE: 0
/u/s/i/sinclair/courses/cs552/spring2022/handouts/testprograms/public/rand_final/t_110_all.asm SUCCESS CPI:6.1 CYCLES:2643 ICOUNT:434 IHITRATE: 0 DHITRATE: 0
/u/s/i/sinclair/courses/cs552/spring2022/handouts/testprograms/public/rand_final/t_110_ctrl.asm SUCCESS CPI:6.0 CYCLES:5130 ICOUNT:851 IHITRATE: 0 DHITRATE: 0
/u/s/i/sinclair/courses/cs552/spring2022/handouts/testprograms/public/rand_final/t_110_icache.asm SUCCESS CPI:69.9 CYCLES:1957 ICOUNT:28 IHITRATE: 0 DHITRATE: 0
/u/s/i/sinclair/courses/cs552/spring2022/handouts/testprograms/public/rand_final/t_110_idcache.asm SUCCESS CPI:10.6 CYCLES:4073 ICOUNT:386 IHITRATE: 0 DHITRATE: 0
/u/s/i/sinclair/courses/cs552/spring2022/handouts/testprograms/public/rand_final/t_110_mem.asm SUCCESS CPI:5.7 CYCLES:8365 ICOUNT:1472 IHITRATE: 0 DHITRATE: 0
/u/s/i/sinclair/courses/cs552/spring2022/handouts/testprograms/public/rand_final/t_111_all.asm SUCCESS CPI:7.5 CYCLES:2815 ICOUNT:377 IHITRATE: 0 DHITRATE: 0
/u/s/i/sinclair/courses/cs552/spring2022/handouts/testprograms/public/rand_final/t_111_ctrl.asm SUCCESS CPI:6.6 CYCLES:5617 ICOUNT:857 IHITRATE: 0 DHITRATE: 0
/u/s/i/sinclair/courses/cs552/spring2022/handouts/testprograms/public/rand_final/t_111_icache.asm SUCCESS CPI:46.9 CYCLES:1875 ICOUNT:40 IHITRATE: 0 DHITRATE: 0
/u/s/i/sinclair/courses/cs552/spring2022/handouts/testprograms/public/rand_final/t_111_idcache.asm SUCCESS CPI:10.9 CYCLES:4269 ICOUNT:392 IHITRATE: 0 DHITRATE: 0
/u/s/i/sinclair/courses/cs552/spring2022/handouts/testprograms/public/rand_final/t_111_mem.asm SUCCESS CPI:5.9 CYCLES:8201 ICOUNT:1386 IHITRATE: 0 DHITRATE: 0
/u/s/i/sinclair/courses/cs552/spring2022/handouts/testprograms/public/rand_final/t_112_all.asm SUCCESS CPI:7.1 CYCLES:2506 ICOUNT:354 IHITRATE: 0 DHITRATE: 0
/u/s/i/sinclair/courses/cs552/spring2022/handouts/testprograms/public/rand_final/t_112_ctrl.asm SUCCESS CPI:6.4 CYCLES:4614 ICOUNT:716 IHITRATE: 0 DHITRATE: 0
/u/s/i/sinclair/courses/cs552/spring2022/handouts/testprograms/public/rand_final/t_112_icache.asm SUCCESS CPI:20.0 CYCLES:1979 ICOUNT:99 IHITRATE: 0 DHITRATE: 0
/u/s/i/sinclair/courses/cs552/spring2022/handouts/testprograms/public/rand_final/t_112_idcache.asm SUCCESS CPI:10.7 CYCLES:4355 ICOUNT:407 IHITRATE: 0 DHITRATE: 0
/u/s/i/sinclair/courses/cs552/spring2022/handouts/testprograms/public/rand_final/t_112_mem.asm SUCCESS CPI:5.8 CYCLES:7424 ICOUNT:1291 IHITRATE: 0 DHITRATE: 0
/u/s/i/sinclair/courses/cs552/spring2022/handouts/testprograms/public/rand_final/t_113_all.asm SUCCESS CPI:6.9 CYCLES:2245 ICOUNT:325 IHITRATE: 0 DHITRATE: 0
/u/s/i/sinclair/courses/cs552/spring2022/handouts/testprograms/public/rand_final/t_113_ctrl.asm SUCCESS CPI:6.9 CYCLES:4879 ICOUNT:710 IHITRATE: 0 DHITRATE: 0
/u/s/i/sinclair/courses/cs552/spring2022/handouts/testprograms/public/rand_final/t_113_icache.asm SUCCESS CPI:25.3 CYCLES:2350 ICOUNT:93 IHITRATE: 0 DHITRATE: 0
/u/s/i/sinclair/courses/cs552/spring2022/handouts/testprograms/public/rand_final/t_113_idcache.asm SUCCESS CPI:10.0 CYCLES:4045 ICOUNT:404 IHITRATE: 0 DHITRATE: 0
/u/s/i/sinclair/courses/cs552/spring2022/handouts/testprograms/public/rand_final/t_113_mem.asm SUCCESS CPI:5.8 CYCLES:8468 ICOUNT:1471 IHITRATE: 0 DHITRATE: 0
/u/s/i/sinclair/courses/cs552/spring2022/handouts/testprograms/public/rand_final/t_114_all.asm SUCCESS CPI:6.1 CYCLES:3545 ICOUNT:578 IHITRATE: 0 DHITRATE: 0
/u/s/i/sinclair/courses/cs552/spring2022/handouts/testprograms/public/rand_final/t_114_ctrl.asm SUCCESS CPI:6.2 CYCLES:5140 ICOUNT:835 IHITRATE: 0 DHITRATE: 0
/u/s/i/sinclair/courses/cs552/spring2022/handouts/testprograms/public/rand_final/t_114_icache.asm SUCCESS CPI:43.9 CYCLES:1756 ICOUNT:40 IHITRATE: 0 DHITRATE: 0
/u/s/i/sinclair/courses/cs552/spring2022/handouts/testprograms/public/rand_final/t_114_idcache.asm SUCCESS CPI:10.8 CYCLES:3837 ICOUNT:356 IHITRATE: 0 DHITRATE: 0
/u/s/i/sinclair/courses/cs552/spring2022/handouts/testprograms/public/rand_final/t_114_mem.asm SUCCESS CPI:5.7 CYCLES:8216 ICOUNT:1430 IHITRATE: 0 DHITRATE: 0
/u/s/i/sinclair/courses/cs552/spring2022/handouts/testprograms/public/rand_final/t_115_all.asm SUCCESS CPI:6.4 CYCLES:2773 ICOUNT:434 IHITRATE: 0 DHITRATE: 0
/u/s/i/sinclair/courses/cs552/spring2022/handouts/testprograms/public/rand_final/t_115_ctrl.asm SUCCESS CPI:6.4 CYCLES:5311 ICOUNT:829 IHITRATE: 0 DHITRATE: 0
/u/s/i/sinclair/courses/cs552/spring2022/handouts/testprograms/public/rand_final/t_115_icache.asm SUCCESS CPI:26.0 CYCLES:1585 ICOUNT:61 IHITRATE: 0 DHITRATE: 0
/u/s/i/sinclair/courses/cs552/spring2022/handouts/testprograms/public/rand_final/t_115_idcache.asm SUCCESS CPI:9.8 CYCLES:4202 ICOUNT:428 IHITRATE: 0 DHITRATE: 0
/u/s/i/sinclair/courses/cs552/spring2022/handouts/testprograms/public/rand_final/t_115_mem.asm SUCCESS CPI:5.7 CYCLES:8000 ICOUNT:1394 IHITRATE: 0 DHITRATE: 0
/u/s/i/sinclair/courses/cs552/spring2022/handouts/testprograms/public/rand_final/t_116_all.asm SUCCESS CPI:5.9 CYCLES:3301 ICOUNT:555 IHITRATE: 0 DHITRATE: 0
/u/s/i/sinclair/courses/cs552/spring2022/handouts/testprograms/public/rand_final/t_116_ctrl.asm SUCCESS CPI:6.0 CYCLES:6194 ICOUNT:1031 IHITRATE: 0 DHITRATE: 0
/u/s/i/sinclair/courses/cs552/spring2022/handouts/testprograms/public/rand_final/t_116_icache.asm SUCCESS CPI:23.5 CYCLES:2135 ICOUNT:91 IHITRATE: 0 DHITRATE: 0
/u/s/i/sinclair/courses/cs552/spring2022/handouts/testprograms/public/rand_final/t_116_idcache.asm SUCCESS CPI:11.1 CYCLES:3874 ICOUNT:350 IHITRATE: 0 DHITRATE: 0
/u/s/i/sinclair/courses/cs552/spring2022/handouts/testprograms/public/rand_final/t_116_mem.asm SUCCESS CPI:5.9 CYCLES:8665 ICOUNT:1470 IHITRATE: 0 DHITRATE: 0
/u/s/i/sinclair/courses/cs552/spring2022/handouts/testprograms/public/rand_final/t_117_all.asm SUCCESS CPI:6.7 CYCLES:3001 ICOUNT:445 IHITRATE: 0 DHITRATE: 0
/u/s/i/sinclair/courses/cs552/spring2022/handouts/testprograms/public/rand_final/t_117_ctrl.asm SUCCESS CPI:6.4 CYCLES:5474 ICOUNT:856 IHITRATE: 0 DHITRATE: 0
/u/s/i/sinclair/courses/cs552/spring2022/handouts/testprograms/public/rand_final/t_117_icache.asm SUCCESS CPI:23.3 CYCLES:2055 ICOUNT:88 IHITRATE: 0 DHITRATE: 0
/u/s/i/sinclair/courses/cs552/spring2022/handouts/testprograms/public/rand_final/t_117_idcache.asm SUCCESS CPI:10.2 CYCLES:4232 ICOUNT:416 IHITRATE: 0 DHITRATE: 0
/u/s/i/sinclair/courses/cs552/spring2022/handouts/testprograms/public/rand_final/t_117_mem.asm SUCCESS CPI:5.7 CYCLES:8865 ICOUNT:1544 IHITRATE: 0 DHITRATE: 0
/u/s/i/sinclair/courses/cs552/spring2022/handouts/testprograms/public/rand_final/t_118_all.asm SUCCESS CPI:6.6 CYCLES:3265 ICOUNT:496 IHITRATE: 0 DHITRATE: 0
/u/s/i/sinclair/courses/cs552/spring2022/handouts/testprograms/public/rand_final/t_118_ctrl.asm SUCCESS CPI:6.2 CYCLES:4673 ICOUNT:752 IHITRATE: 0 DHITRATE: 0
/u/s/i/sinclair/courses/cs552/spring2022/handouts/testprograms/public/rand_final/t_118_icache.asm SUCCESS CPI:68.8 CYCLES:1789 ICOUNT:26 IHITRATE: 0 DHITRATE: 0
/u/s/i/sinclair/courses/cs552/spring2022/handouts/testprograms/public/rand_final/t_118_idcache.asm SUCCESS CPI:11.2 CYCLES:3608 ICOUNT:323 IHITRATE: 0 DHITRATE: 0
/u/s/i/sinclair/courses/cs552/spring2022/handouts/testprograms/public/rand_final/t_118_mem.asm SUCCESS CPI:5.8 CYCLES:7757 ICOUNT:1342 IHITRATE: 0 DHITRATE: 0
/u/s/i/sinclair/courses/cs552/spring2022/handouts/testprograms/public/rand_final/t_119_all.asm SUCCESS CPI:6.4 CYCLES:2561 ICOUNT:402 IHITRATE: 0 DHITRATE: 0
/u/s/i/sinclair/courses/cs552/spring2022/handouts/testprograms/public/rand_final/t_119_ctrl.asm SUCCESS CPI:6.7 CYCLES:4872 ICOUNT:723 IHITRATE: 0 DHITRATE: 0
/u/s/i/sinclair/courses/cs552/spring2022/handouts/testprograms/public/rand_final/t_119_icache.asm SUCCESS CPI:47.1 CYCLES:1414 ICOUNT:30 IHITRATE: 0 DHITRATE: 0
/u/s/i/sinclair/courses/cs552/spring2022/handouts/testprograms/public/rand_final/t_119_idcache.asm SUCCESS CPI:17.0 CYCLES:2294 ICOUNT:135 IHITRATE: 0 DHITRATE: 0
/u/s/i/sinclair/courses/cs552/spring2022/handouts/testprograms/public/rand_final/t_119_mem.asm SUCCESS CPI:5.8 CYCLES:8889 ICOUNT:1541 IHITRATE: 0 DHITRATE: 0
/u/s/i/sinclair/courses/cs552/spring2022/handouts/testprograms/public/rand_final/t_11_mem.asm SUCCESS CPI:5.9 CYCLES:9191 ICOUNT:1549 IHITRATE: 0 DHITRATE: 0
/u/s/i/sinclair/courses/cs552/spring2022/handouts/testprograms/public/rand_final/t_120_all.asm SUCCESS CPI:6.7 CYCLES:2520 ICOUNT:378 IHITRATE: 0 DHITRATE: 0
/u/s/i/sinclair/courses/cs552/spring2022/handouts/testprograms/public/rand_final/t_120_ctrl.asm SUCCESS CPI:6.0 CYCLES:5097 ICOUNT:852 IHITRATE: 0 DHITRATE: 0
/u/s/i/sinclair/courses/cs552/spring2022/handouts/testprograms/public/rand_final/t_120_icache.asm SUCCESS CPI:57.0 CYCLES:1880 ICOUNT:33 IHITRATE: 0 DHITRATE: 0
/u/s/i/sinclair/courses/cs552/spring2022/handouts/testprograms/public/rand_final/t_120_idcache.asm SUCCESS CPI:10.6 CYCLES:3904 ICOUNT:368 IHITRATE: 0 DHITRATE: 0
/u/s/i/sinclair/courses/cs552/spring2022/handouts/testprograms/public/rand_final/t_120_mem.asm SUCCESS CPI:5.9 CYCLES:8536 ICOUNT:1447 IHITRATE: 0 DHITRATE: 0
/u/s/i/sinclair/courses/cs552/spring2022/handouts/testprograms/public/rand_final/t_121_all.asm SUCCESS CPI:7.1 CYCLES:2214 ICOUNT:313 IHITRATE: 0 DHITRATE: 0
/u/s/i/sinclair/courses/cs552/spring2022/handouts/testprograms/public/rand_final/t_122_all.asm SUCCESS CPI:6.5 CYCLES:2088 ICOUNT:319 IHITRATE: 0 DHITRATE: 0
/u/s/i/sinclair/courses/cs552/spring2022/handouts/testprograms/public/rand_final/t_123_all.asm SUCCESS CPI:6.4 CYCLES:3155 ICOUNT:490 IHITRATE: 0 DHITRATE: 0
/u/s/i/sinclair/courses/cs552/spring2022/handouts/testprograms/public/rand_final/t_124_all.asm SUCCESS CPI:6.6 CYCLES:2346 ICOUNT:355 IHITRATE: 0 DHITRATE: 0
/u/s/i/sinclair/courses/cs552/spring2022/handouts/testprograms/public/rand_final/t_125_all.asm SUCCESS CPI:7.0 CYCLES:3354 ICOUNT:479 IHITRATE: 0 DHITRATE: 0
/u/s/i/sinclair/courses/cs552/spring2022/handouts/testprograms/public/rand_final/t_126_all.asm SUCCESS CPI:6.3 CYCLES:3731 ICOUNT:595 IHITRATE: 0 DHITRATE: 0
/u/s/i/sinclair/courses/cs552/spring2022/handouts/testprograms/public/rand_final/t_127_all.asm SUCCESS CPI:6.3 CYCLES:2799 ICOUNT:444 IHITRATE: 0 DHITRATE: 0
/u/s/i/sinclair/courses/cs552/spring2022/handouts/testprograms/public/rand_final/t_128_all.asm SUCCESS CPI:7.4 CYCLES:3115 ICOUNT:420 IHITRATE: 0 DHITRATE: 0
/u/s/i/sinclair/courses/cs552/spring2022/handouts/testprograms/public/rand_final/t_129_all.asm SUCCESS CPI:6.7 CYCLES:2802 ICOUNT:416 IHITRATE: 0 DHITRATE: 0
/u/s/i/sinclair/courses/cs552/spring2022/handouts/testprograms/public/rand_final/t_12_mem.asm SUCCESS CPI:5.8 CYCLES:8217 ICOUNT:1410 IHITRATE: 0 DHITRATE: 0
/u/s/i/sinclair/courses/cs552/spring2022/handouts/testprograms/public/rand_final/t_130_all.asm SUCCESS CPI:5.7 CYCLES:3636 ICOUNT:635 IHITRATE: 0 DHITRATE: 0
/u/s/i/sinclair/courses/cs552/spring2022/handouts/testprograms/public/rand_final/t_131_all.asm SUCCESS CPI:6.1 CYCLES:3230 ICOUNT:532 IHITRATE: 0 DHITRATE: 0
/u/s/i/sinclair/courses/cs552/spring2022/handouts/testprograms/public/rand_final/t_132_all.asm SUCCESS CPI:6.2 CYCLES:2900 ICOUNT:464 IHITRATE: 0 DHITRATE: 0
/u/s/i/sinclair/courses/cs552/spring2022/handouts/testprograms/public/rand_final/t_133_all.asm SUCCESS CPI:6.2 CYCLES:2689 ICOUNT:437 IHITRATE: 0 DHITRATE: 0
/u/s/i/sinclair/courses/cs552/spring2022/handouts/testprograms/public/rand_final/t_134_all.asm SUCCESS CPI:5.9 CYCLES:2781 ICOUNT:469 IHITRATE: 0 DHITRATE: 0
/u/s/i/sinclair/courses/cs552/spring2022/handouts/testprograms/public/rand_final/t_135_all.asm SUCCESS CPI:6.1 CYCLES:3638 ICOUNT:592 IHITRATE: 0 DHITRATE: 0
/u/s/i/sinclair/courses/cs552/spring2022/handouts/testprograms/public/rand_final/t_136_all.asm SUCCESS CPI:6.8 CYCLES:2769 ICOUNT:406 IHITRATE: 0 DHITRATE: 0
/u/s/i/sinclair/courses/cs552/spring2022/handouts/testprograms/public/rand_final/t_137_all.asm SUCCESS CPI:6.1 CYCLES:3238 ICOUNT:531 IHITRATE: 0 DHITRATE: 0
/u/s/i/sinclair/courses/cs552/spring2022/handouts/testprograms/public/rand_final/t_138_all.asm SUCCESS CPI:5.9 CYCLES:3541 ICOUNT:602 IHITRATE: 0 DHITRATE: 0
/u/s/i/sinclair/courses/cs552/spring2022/handouts/testprograms/public/rand_final/t_139_all.asm SUCCESS CPI:7.2 CYCLES:2585 ICOUNT:361 IHITRATE: 0 DHITRATE: 0
/u/s/i/sinclair/courses/cs552/spring2022/handouts/testprograms/public/rand_final/t_13_mem.asm SUCCESS CPI:5.7 CYCLES:8179 ICOUNT:1437 IHITRATE: 0 DHITRATE: 0
/u/s/i/sinclair/courses/cs552/spring2022/handouts/testprograms/public/rand_final/t_140_all.asm SUCCESS CPI:6.7 CYCLES:2648 ICOUNT:396 IHITRATE: 0 DHITRATE: 0
/u/s/i/sinclair/courses/cs552/spring2022/handouts/testprograms/public/rand_final/t_141_all.asm SUCCESS CPI:5.5 CYCLES:2648 ICOUNT:479 IHITRATE: 0 DHITRATE: 0
/u/s/i/sinclair/courses/cs552/spring2022/handouts/testprograms/public/rand_final/t_142_all.asm SUCCESS CPI:6.0 CYCLES:2345 ICOUNT:388 IHITRATE: 0 DHITRATE: 0
/u/s/i/sinclair/courses/cs552/spring2022/handouts/testprograms/public/rand_final/t_143_all.asm SUCCESS CPI:5.9 CYCLES:2956 ICOUNT:503 IHITRATE: 0 DHITRATE: 0
/u/s/i/sinclair/courses/cs552/spring2022/handouts/testprograms/public/rand_final/t_144_all.asm SUCCESS CPI:6.7 CYCLES:2838 ICOUNT:421 IHITRATE: 0 DHITRATE: 0
/u/s/i/sinclair/courses/cs552/spring2022/handouts/testprograms/public/rand_final/t_145_all.asm SUCCESS CPI:6.3 CYCLES:2690 ICOUNT:430 IHITRATE: 0 DHITRATE: 0
/u/s/i/sinclair/courses/cs552/spring2022/handouts/testprograms/public/rand_final/t_146_all.asm SUCCESS CPI:5.7 CYCLES:3400 ICOUNT:597 IHITRATE: 0 DHITRATE: 0
/u/s/i/sinclair/courses/cs552/spring2022/handouts/testprograms/public/rand_final/t_147_all.asm SUCCESS CPI:6.9 CYCLES:3033 ICOUNT:438 IHITRATE: 0 DHITRATE: 0
/u/s/i/sinclair/courses/cs552/spring2022/handouts/testprograms/public/rand_final/t_148_all.asm SUCCESS CPI:6.4 CYCLES:2844 ICOUNT:443 IHITRATE: 0 DHITRATE: 0
/u/s/i/sinclair/courses/cs552/spring2022/handouts/testprograms/public/rand_final/t_149_all.asm SUCCESS CPI:6.3 CYCLES:2797 ICOUNT:443 IHITRATE: 0 DHITRATE: 0
/u/s/i/sinclair/courses/cs552/spring2022/handouts/testprograms/public/rand_final/t_14_mem.asm SUCCESS CPI:5.9 CYCLES:8065 ICOUNT:1362 IHITRATE: 0 DHITRATE: 0
/u/s/i/sinclair/courses/cs552/spring2022/handouts/testprograms/public/rand_final/t_150_all.asm SUCCESS CPI:6.6 CYCLES:3231 ICOUNT:489 IHITRATE: 0 DHITRATE: 0
/u/s/i/sinclair/courses/cs552/spring2022/handouts/testprograms/public/rand_final/t_15_mem.asm SUCCESS CPI:5.7 CYCLES:8227 ICOUNT:1444 IHITRATE: 0 DHITRATE: 0
/u/s/i/sinclair/courses/cs552/spring2022/handouts/testprograms/public/rand_final/t_16_mem.asm SUCCESS CPI:5.7 CYCLES:8211 ICOUNT:1442 IHITRATE: 0 DHITRATE: 0
/u/s/i/sinclair/courses/cs552/spring2022/handouts/testprograms/public/rand_final/t_17_mem.asm SUCCESS CPI:5.8 CYCLES:8565 ICOUNT:1486 IHITRATE: 0 DHITRATE: 0
/u/s/i/sinclair/courses/cs552/spring2022/handouts/testprograms/public/rand_final/t_18_mem.asm SUCCESS CPI:5.9 CYCLES:8305 ICOUNT:1401 IHITRATE: 0 DHITRATE: 0
/u/s/i/sinclair/courses/cs552/spring2022/handouts/testprograms/public/rand_final/t_19_mem.asm SUCCESS CPI:5.8 CYCLES:8017 ICOUNT:1384 IHITRATE: 0 DHITRATE: 0
